<?xml version="1.0" encoding="UTF-8"?>
<!-- Generated by org.testng.reporters.JUnitReportReporter -->
<testsuite hostname="SETRA053" failures="0" tests="4" name="Test.GetByName_StatusCode_Test" time="3.793" errors="0" timestamp="2023-09-06T10:58:00 TRT" skipped="0">
  <testcase classname="Test.GetByName_StatusCode_Test" name="Test_CompanyByName_Success" time="1.240"/>
  <system-out/>
  <testcase classname="Test.GetByName_StatusCode_Test" name="Test_ClientByName_Success" time="0.722"/>
  <system-out/>
  <testcase classname="Test.GetByName_StatusCode_Test" name="Test_RegionsByName_Success" time="0.768"/>
  <system-out/>
  <testcase classname="Test.GetByName_StatusCode_Test" name="Test_SitesByName_Success" time="1.063"/>
  <system-out/>
</testsuite> <!-- Test.GetByName_StatusCode_Test -->
