<?xml version="1.0" encoding="UTF-8"?>
<!-- Generated by org.testng.reporters.JUnitReportReporter -->
<testsuite hostname="SETRA053" failures="0" tests="9" name="Test.GetById_StatusCode_Test" time="15.173" errors="0" timestamp="2023-09-06T10:58:00 TRT" skipped="0">
  <testcase classname="Test.GetById_StatusCode_Test" name="Test_WorkCenterById" time="2.867"/>
  <system-out/>
  <testcase classname="Test.GetById_StatusCode_Test" name="Test_ClientById" time="1.095"/>
  <system-out/>
  <testcase classname="Test.GetById_StatusCode_Test" name="Test_RegionById" time="0.796"/>
  <system-out/>
  <testcase classname="Test.GetById_StatusCode_Test" name="Test_CompanyById" time="0.824"/>
  <system-out/>
  <testcase classname="Test.GetById_StatusCode_Test" name="Test_CountryByExternalID" time="1.540"/>
  <system-out/>
  <testcase classname="Test.GetById_StatusCode_Test" name="Test_CountryById" time="1.502"/>
  <system-out/>
  <testcase classname="Test.GetById_StatusCode_Test" name="Test_WorkCenterByLocationType" time="2.733"/>
  <system-out/>
  <testcase classname="Test.GetById_StatusCode_Test" name="Test_SiteById" time="1.115"/>
  <system-out/>
  <testcase classname="Test.GetById_StatusCode_Test" name="Test_WorkCentersByParentId" time="2.701"/>
  <system-out/>
</testsuite> <!-- Test.GetById_StatusCode_Test -->
