<?xml version="1.0" encoding="UTF-8"?>
<!-- Generated by org.testng.reporters.JUnitReportReporter -->
<testsuite hostname="SETRA053" failures="0" tests="8" name="Test.GET_StatusCode_Test" time="1.336" errors="0" timestamp="2023-09-05T14:55:23 TRT" skipped="0">
  <testcase classname="Test.GET_StatusCode_Test" name="Test_Client" time="0.156"/>
  <system-out/>
  <testcase classname="Test.GET_StatusCode_Test" name="Test_Site" time="0.166"/>
  <system-out/>
  <testcase classname="Test.GET_StatusCode_Test" name="Test_Country" time="0.158"/>
  <system-out/>
  <testcase classname="Test.GET_StatusCode_Test" name="Test_Region" time="0.150"/>
  <system-out/>
  <testcase classname="Test.GET_StatusCode_Test" name="Test_Company" time="0.161"/>
  <system-out/>
  <testcase classname="Test.GET_StatusCode_Test" name="Test_ProductionTarget" time="0.223"/>
  <system-out/>
  <testcase classname="Test.GET_StatusCode_Test" name="Test_WorkCenter" time="0.162"/>
  <system-out/>
  <testcase classname="Test.GET_StatusCode_Test" name="Test_ProductionLocationType" time="0.160"/>
  <system-out/>
</testsuite> <!-- Test.GET_StatusCode_Test -->
