<?xml version="1.0" encoding="UTF-8"?>
<!-- Generated by org.testng.reporters.JUnitReportReporter -->
<testsuite hostname="SETRA053" failures="0" tests="9" name="Test.GetById_StatusCode_Test" time="15.443" errors="0" timestamp="2023-08-25T16:27:03 TRT" skipped="0">
  <testcase classname="Test.GetById_StatusCode_Test" name="Test_WorkCenterById" time="2.888"/>
  <system-out/>
  <testcase classname="Test.GetById_StatusCode_Test" name="Test_ClientById" time="0.965"/>
  <system-out/>
  <testcase classname="Test.GetById_StatusCode_Test" name="Test_RegionById" time="1.156"/>
  <system-out/>
  <testcase classname="Test.GetById_StatusCode_Test" name="Test_CompanyById" time="0.904"/>
  <system-out/>
  <testcase classname="Test.GetById_StatusCode_Test" name="Test_CountryByExternalID" time="1.396"/>
  <system-out/>
  <testcase classname="Test.GetById_StatusCode_Test" name="Test_CountryById" time="1.342"/>
  <system-out/>
  <testcase classname="Test.GetById_StatusCode_Test" name="Test_WorkCenterByLocationType" time="2.859"/>
  <system-out/>
  <testcase classname="Test.GetById_StatusCode_Test" name="Test_SiteById" time="1.138"/>
  <system-out/>
  <testcase classname="Test.GetById_StatusCode_Test" name="Test_WorkCentersByParentId" time="2.795"/>
  <system-out/>
</testsuite> <!-- Test.GetById_StatusCode_Test -->
