<?xml version="1.0" encoding="UTF-8"?>
<!-- Generated by org.testng.reporters.JUnitReportReporter -->
<testsuite hostname="SETRA053" failures="0" tests="4" name="Test.GetByName_StatusCode_Test" time="4.277" errors="0" timestamp="2023-08-25T16:27:03 TRT" skipped="0">
  <testcase classname="Test.GetByName_StatusCode_Test" name="Test_SitesByName_Success" time="1.122"/>
  <system-out/>
  <testcase classname="Test.GetByName_StatusCode_Test" name="Test_CompanyByName_Success" time="1.258"/>
  <system-out/>
  <testcase classname="Test.GetByName_StatusCode_Test" name="Test_ClientByName_Success" time="0.780"/>
  <system-out/>
  <testcase classname="Test.GetByName_StatusCode_Test" name="Test_RegionsByName_Success" time="1.117"/>
  <system-out/>
</testsuite> <!-- Test.GetByName_StatusCode_Test -->
