<?xml version="1.0" encoding="UTF-8"?>
<!-- Generated by org.testng.reporters.JUnitReportReporter -->
<testsuite hostname="SETRA053" failures="0" tests="8" name="Test.GET_StatusCode_Test" time="1.373" errors="0" timestamp="2023-09-06T10:58:00 TRT" skipped="0">
  <testcase classname="Test.GET_StatusCode_Test" name="Test_Client" time="0.166"/>
  <system-out/>
  <testcase classname="Test.GET_StatusCode_Test" name="Test_Site" time="0.165"/>
  <system-out/>
  <testcase classname="Test.GET_StatusCode_Test" name="Test_Country" time="0.158"/>
  <system-out/>
  <testcase classname="Test.GET_StatusCode_Test" name="Test_Region" time="0.158"/>
  <system-out/>
  <testcase classname="Test.GET_StatusCode_Test" name="Test_Company" time="0.161"/>
  <system-out/>
  <testcase classname="Test.GET_StatusCode_Test" name="Test_ProductionTarget" time="0.228"/>
  <system-out/>
  <testcase classname="Test.GET_StatusCode_Test" name="Test_WorkCenter" time="0.168"/>
  <system-out/>
  <testcase classname="Test.GET_StatusCode_Test" name="Test_ProductionLocationType" time="0.169"/>
  <system-out/>
</testsuite> <!-- Test.GET_StatusCode_Test -->
