<?xml version="1.0" encoding="UTF-8"?>
<!-- Generated by org.testng.reporters.JUnitReportReporter -->
<testsuite hostname="SETRA053" failures="0" tests="9" name="Test.GetById_StatusCode_Test" time="15.487" errors="0" timestamp="2023-09-05T14:55:23 TRT" skipped="0">
  <testcase classname="Test.GetById_StatusCode_Test" name="Test_WorkCenterById" time="2.847"/>
  <system-out/>
  <testcase classname="Test.GetById_StatusCode_Test" name="Test_ClientById" time="1.093"/>
  <system-out/>
  <testcase classname="Test.GetById_StatusCode_Test" name="Test_RegionById" time="0.792"/>
  <system-out/>
  <testcase classname="Test.GetById_StatusCode_Test" name="Test_CompanyById" time="0.868"/>
  <system-out/>
  <testcase classname="Test.GetById_StatusCode_Test" name="Test_CountryByExternalID" time="1.587"/>
  <system-out/>
  <testcase classname="Test.GetById_StatusCode_Test" name="Test_CountryById" time="1.585"/>
  <system-out/>
  <testcase classname="Test.GetById_StatusCode_Test" name="Test_WorkCenterByLocationType" time="2.777"/>
  <system-out/>
  <testcase classname="Test.GetById_StatusCode_Test" name="Test_SiteById" time="1.146"/>
  <system-out/>
  <testcase classname="Test.GetById_StatusCode_Test" name="Test_WorkCentersByParentId" time="2.792"/>
  <system-out/>
</testsuite> <!-- Test.GetById_StatusCode_Test -->
